<?xml version="1.0" encoding="UTF-8"?>
<!-- Generated by org.testng.reporters.JUnitXMLReporter -->
<testsuite hostname="DESKTOP-VLI5FT5" ignored="0" name="Default test" tests="4" failures="0" timestamp="2020-11-20T02:32:59 IST" time="69.773" errors="0">
  <testcase name="SignUp" time="11.348" classname="UseCases.TestSuite1"/>
  <testcase name="LogIn" time="5.895" classname="UseCases.TestSuite1"/>
  <testcase name="CreateOrder" time="22.401" classname="UseCases.TestSuite1"/>
  <testcase name="AcceptOrder" time="5.308" classname="UseCases.TestSuite1"/>
</testsuite> <!-- Default test -->
