<?xml version="1.0" encoding="UTF-8"?>
<!-- Generated by org.testng.reporters.JUnitXMLReporter -->
<testsuite hostname="DESKTOP-VLI5FT5" ignored="0" name="Default test" tests="4" failures="0" timestamp="2020-11-20T11:43:46 IST" time="0.177" errors="0">
  <testcase name="@BeforeSuite beforeSuite" time="3.439" classname="UseCases.TestSuite1">
    <failure type="java.lang.NullPointerException">
      <![CDATA[java.lang.NullPointerException
at PageObject.PageObject.navigateToHomePage(PageObject.java:22)
at PageObject.PageObject.init(PageObject.java:19)
at UseCases.TestSuite1.beforeSuite(TestSuite1.java:23)
at sun.reflect.NativeMethodAccessorImpl.invoke0(Native Method)
at sun.reflect.NativeMethodAccessorImpl.invoke(NativeMethodAccessorImpl.java:62)
at sun.reflect.DelegatingMethodAccessorImpl.invoke(DelegatingMethodAccessorImpl.java:43)
at java.lang.reflect.Method.invoke(Method.java:498)
at org.testng.internal.MethodInvocationHelper.invokeMethod(MethodInvocationHelper.java:132)
at org.testng.internal.MethodInvocationHelper.invokeMethodConsideringTimeout(MethodInvocationHelper.java:61)
at org.testng.internal.ConfigInvoker.invokeConfigurationMethod(ConfigInvoker.java:366)
at org.testng.internal.ConfigInvoker.invokeConfigurations(ConfigInvoker.java:320)
at org.testng.SuiteRunner.privateRun(SuiteRunner.java:327)
at org.testng.SuiteRunner.run(SuiteRunner.java:286)
at org.testng.SuiteRunnerWorker.runSuite(SuiteRunnerWorker.java:53)
at org.testng.SuiteRunnerWorker.run(SuiteRunnerWorker.java:96)
at org.testng.TestNG.runSuitesSequentially(TestNG.java:1218)
at org.testng.TestNG.runSuitesLocally(TestNG.java:1140)
at org.testng.TestNG.runSuites(TestNG.java:1069)
at org.testng.TestNG.run(TestNG.java:1037)
at org.testng.remote.AbstractRemoteTestNG.run(AbstractRemoteTestNG.java:115)
at org.testng.remote.RemoteTestNG.initAndRun(RemoteTestNG.java:251)
at org.testng.remote.RemoteTestNG.main(RemoteTestNG.java:77)
]]>
    </failure>
  </testcase> <!-- @BeforeSuite beforeSuite -->
  <testcase name="@BeforeMethod beforeMethod" time="-1.605852826026E9" classname="UseCases.TestSuite1">
    <skipped/>
  </testcase> <!-- @BeforeMethod beforeMethod -->
  <testcase name="@AfterMethod afterMethod" time="-1.605852826044E9" classname="UseCases.TestSuite1">
    <skipped/>
  </testcase> <!-- @AfterMethod afterMethod -->
  <testcase name="@BeforeMethod beforeMethod" time="-1.605852826053E9" classname="UseCases.TestSuite1">
    <skipped/>
  </testcase> <!-- @BeforeMethod beforeMethod -->
  <testcase name="@AfterMethod afterMethod" time="-1.605852826066E9" classname="UseCases.TestSuite1">
    <skipped/>
  </testcase> <!-- @AfterMethod afterMethod -->
  <testcase name="@BeforeMethod beforeMethod" time="-1.605852826071E9" classname="UseCases.TestSuite1">
    <skipped/>
  </testcase> <!-- @BeforeMethod beforeMethod -->
  <testcase name="@AfterMethod afterMethod" time="-1.605852826093E9" classname="UseCases.TestSuite1">
    <skipped/>
  </testcase> <!-- @AfterMethod afterMethod -->
  <testcase name="@BeforeMethod beforeMethod" time="-1.605852826102E9" classname="UseCases.TestSuite1">
    <skipped/>
  </testcase> <!-- @BeforeMethod beforeMethod -->
  <testcase name="@AfterMethod afterMethod" time="-1.605852826119E9" classname="UseCases.TestSuite1">
    <skipped/>
  </testcase> <!-- @AfterMethod afterMethod -->
  <testcase name="SignUp" time="0.001" classname="UseCases.TestSuite1">
    <skipped/>
  </testcase> <!-- SignUp -->
  <testcase name="LogIn" time="0.0" classname="UseCases.TestSuite1">
    <skipped/>
  </testcase> <!-- LogIn -->
  <testcase name="CreateOrder" time="0.0" classname="UseCases.TestSuite1">
    <skipped/>
  </testcase> <!-- CreateOrder -->
  <testcase name="AcceptOrder" time="0.0" classname="UseCases.TestSuite1">
    <skipped/>
  </testcase> <!-- AcceptOrder -->
</testsuite> <!-- Default test -->
