<?xml version="1.0" encoding="UTF-8"?>
<testng-results skipped="0" failed="0" ignored="0" total="4" passed="4">
  <reporter-output>
  </reporter-output>
  <suite name="Default suite" duration-ms="69773" started-at="2020-11-20T02:31:49 IST" finished-at="2020-11-20T02:32:59 IST">
    <groups>
    </groups>
    <test name="Default test" duration-ms="69773" started-at="2020-11-20T02:31:49 IST" finished-at="2020-11-20T02:32:59 IST">
      <class name="UseCases.TestSuite1">
        <test-method status="PASS" signature="beforeSuite()[pri:0, instance:UseCases.TestSuite1@d44fc21]" name="beforeSuite" is-config="true" duration-ms="17740" started-at="2020-11-20T02:31:31 IST" finished-at="2020-11-20T02:31:49 IST">
          <reporter-output>
          </reporter-output>
        </test-method> <!-- beforeSuite -->
        <test-method status="PASS" signature="beforeMethod()[pri:0, instance:UseCases.TestSuite1@d44fc21]" name="beforeMethod" is-config="true" duration-ms="6660" started-at="2020-11-20T02:31:49 IST" finished-at="2020-11-20T02:31:56 IST">
          <reporter-output>
          </reporter-output>
        </test-method> <!-- beforeMethod -->
        <test-method status="PASS" signature="SignUp()[pri:1, instance:UseCases.TestSuite1@d44fc21]" name="SignUp" duration-ms="11348" started-at="2020-11-20T02:31:56 IST" finished-at="2020-11-20T02:32:07 IST">
          <reporter-output>
          </reporter-output>
        </test-method> <!-- SignUp -->
        <test-method status="PASS" signature="afterMethod()[pri:0, instance:UseCases.TestSuite1@d44fc21]" name="afterMethod" is-config="true" duration-ms="1" started-at="2020-11-20T02:32:07 IST" finished-at="2020-11-20T02:32:07 IST">
          <reporter-output>
          </reporter-output>
        </test-method> <!-- afterMethod -->
        <test-method status="PASS" signature="beforeMethod()[pri:0, instance:UseCases.TestSuite1@d44fc21]" name="beforeMethod" is-config="true" duration-ms="6423" started-at="2020-11-20T02:32:07 IST" finished-at="2020-11-20T02:32:13 IST">
          <reporter-output>
          </reporter-output>
        </test-method> <!-- beforeMethod -->
        <test-method status="PASS" signature="LogIn()[pri:2, instance:UseCases.TestSuite1@d44fc21]" name="LogIn" duration-ms="5895" started-at="2020-11-20T02:32:13 IST" finished-at="2020-11-20T02:32:19 IST">
          <reporter-output>
          </reporter-output>
        </test-method> <!-- LogIn -->
        <test-method status="PASS" signature="afterMethod()[pri:0, instance:UseCases.TestSuite1@d44fc21]" name="afterMethod" is-config="true" duration-ms="1" started-at="2020-11-20T02:32:19 IST" finished-at="2020-11-20T02:32:19 IST">
          <reporter-output>
          </reporter-output>
        </test-method> <!-- afterMethod -->
        <test-method status="PASS" signature="beforeMethod()[pri:0, instance:UseCases.TestSuite1@d44fc21]" name="beforeMethod" is-config="true" duration-ms="5806" started-at="2020-11-20T02:32:19 IST" finished-at="2020-11-20T02:32:25 IST">
          <reporter-output>
          </reporter-output>
        </test-method> <!-- beforeMethod -->
        <test-method status="PASS" signature="CreateOrder()[pri:3, instance:UseCases.TestSuite1@d44fc21]" name="CreateOrder" duration-ms="22401" started-at="2020-11-20T02:32:25 IST" finished-at="2020-11-20T02:32:47 IST">
          <reporter-output>
          </reporter-output>
        </test-method> <!-- CreateOrder -->
        <test-method status="PASS" signature="afterMethod()[pri:0, instance:UseCases.TestSuite1@d44fc21]" name="afterMethod" is-config="true" duration-ms="1" started-at="2020-11-20T02:32:47 IST" finished-at="2020-11-20T02:32:48 IST">
          <reporter-output>
          </reporter-output>
        </test-method> <!-- afterMethod -->
        <test-method status="PASS" signature="beforeMethod()[pri:0, instance:UseCases.TestSuite1@d44fc21]" name="beforeMethod" is-config="true" duration-ms="5761" started-at="2020-11-20T02:32:48 IST" finished-at="2020-11-20T02:32:53 IST">
          <reporter-output>
          </reporter-output>
        </test-method> <!-- beforeMethod -->
        <test-method status="PASS" signature="AcceptOrder()[pri:4, instance:UseCases.TestSuite1@d44fc21]" name="AcceptOrder" duration-ms="5308" started-at="2020-11-20T02:32:53 IST" finished-at="2020-11-20T02:32:59 IST">
          <reporter-output>
          </reporter-output>
        </test-method> <!-- AcceptOrder -->
        <test-method status="PASS" signature="afterMethod()[pri:0, instance:UseCases.TestSuite1@d44fc21]" name="afterMethod" is-config="true" duration-ms="1" started-at="2020-11-20T02:32:59 IST" finished-at="2020-11-20T02:32:59 IST">
          <reporter-output>
          </reporter-output>
        </test-method> <!-- afterMethod -->
        <test-method status="PASS" signature="afterSuite()[pri:0, instance:UseCases.TestSuite1@d44fc21]" name="afterSuite" is-config="true" duration-ms="1571" started-at="2020-11-20T02:32:59 IST" finished-at="2020-11-20T02:33:00 IST">
          <reporter-output>
          </reporter-output>
        </test-method> <!-- afterSuite -->
      </class> <!-- UseCases.TestSuite1 -->
    </test> <!-- Default test -->
  </suite> <!-- Default suite -->
</testng-results>
